# JRE version: Java(TM) SE Runtime Environment (8.0_102-b14) (build 1.8.0_102-b14)
# Java VM: Java HotSpot(TM) 64-Bit Server VM (25.102-b14 mixed mode windows-amd64 compressed oops)
Heap:
 PSYoungGen      total 452096K, used 299914K [0x000000076b700000, 0x0000000796580000, 0x00000007c0000000)
  eden space 449536K, 66% used [0x000000076b700000,0x000000077d9993c8,0x0000000786e00000)
  from space 2560K, 91% used [0x0000000796300000,0x00000007965495d8,0x0000000796580000)
  to   space 24064K, 0% used [0x0000000793680000,0x0000000793680000,0x0000000794e00000)
 ParOldGen       total 460288K, used 282754K [0x00000006c2400000, 0x00000006de580000, 0x000000076b700000)
  object space 460288K, 61% used [0x00000006c2400000,0x00000006d3820870,0x00000006de580000)
 Metaspace       used 95786K, capacity 107242K, committed 107480K, reserved 1142784K
  class space    used 11833K, capacity 14274K, committed 14336K, reserved 1048576K
GC Heap History (10 events):
Event: 21382.035 GC heap before
{Heap before GC invocations=106 (full 36):
 PSYoungGen      total 531968K, used 531845K [0x000000076b700000, 0x000000079af80000, 0x00000007c0000000)
  eden space 529920K, 100% used [0x000000076b700000,0x000000078bc80000,0x000000078bc80000)
  from space 2048K, 94% used [0x0000000797c80000,0x0000000797e61598,0x0000000797e80000)
  to   space 27648K, 0% used [0x0000000799480000,0x0000000799480000,0x000000079af80000)
 ParOldGen       total 460288K, used 282682K [0x00000006c2400000, 0x00000006de580000, 0x000000076b700000)
  object space 460288K, 61% used [0x00000006c2400000,0x00000006d380e870,0x00000006de580000)
 Metaspace       used 95650K, capacity 107114K, committed 107480K, reserved 1142784K
  class space    used 11833K, capacity 14274K, committed 14336K, reserved 1048576K
Event: 21382.043 GC heap after
Heap after GC invocations=106 (full 36):
 PSYoungGen      total 514560K, used 1646K [0x000000076b700000, 0x0000000799680000, 0x00000007c0000000)
  eden space 512512K, 0% used [0x000000076b700000,0x000000076b700000,0x000000078ab80000)
  from space 2048K, 80% used [0x0000000799480000,0x000000079961bbb8,0x0000000799680000)
  to   space 27136K, 0% used [0x0000000796180000,0x0000000796180000,0x0000000797c00000)
 ParOldGen       total 460288K, used 282682K [0x00000006c2400000, 0x00000006de580000, 0x000000076b700000)
  object space 460288K, 61% used [0x00000006c2400000,0x00000006d380e870,0x00000006de580000)
 Metaspace       used 95650K, capacity 107114K, committed 107480K, reserved 1142784K
  class space    used 11833K, capacity 14274K, committed 14336K, reserved 1048576K
}
Event: 21530.821 GC heap before
{Heap before GC invocations=107 (full 36):
 PSYoungGen      total 514560K, used 514158K [0x000000076b700000, 0x0000000799680000, 0x00000007c0000000)
  eden space 512512K, 100% used [0x000000076b700000,0x000000078ab80000,0x000000078ab80000)
  from space 2048K, 80% used [0x0000000799480000,0x000000079961bbb8,0x0000000799680000)
  to   space 27136K, 0% used [0x0000000796180000,0x0000000796180000,0x0000000797c00000)
 ParOldGen       total 460288K, used 282682K [0x00000006c2400000, 0x00000006de580000, 0x000000076b700000)
  object space 460288K, 61% used [0x00000006c2400000,0x00000006d380e870,0x00000006de580000)
 Metaspace       used 95729K, capacity 107178K, committed 107480K, reserved 1142784K
  class space    used 11833K, capacity 14274K, committed 14336K, reserved 1048576K
Event: 21530.842 GC heap after
Heap after GC invocations=107 (full 36):
 PSYoungGen      total 497664K, used 1878K [0x000000076b700000, 0x0000000799500000, 0x00000007c0000000)
  eden space 495616K, 0% used [0x000000076b700000,0x000000076b700000,0x0000000789b00000)
  from space 2048K, 91% used [0x0000000796180000,0x0000000796355bd8,0x0000000796380000)
  to   space 26624K, 0% used [0x0000000797b00000,0x0000000797b00000,0x0000000799500000)
 ParOldGen       total 460288K, used 282738K [0x00000006c2400000, 0x00000006de580000, 0x000000076b700000)
  object space 460288K, 61% used [0x00000006c2400000,0x00000006d381c870,0x00000006de580000)
 Metaspace       used 95729K, capacity 107178K, committed 107480K, reserved 1142784K
  class space    used 11833K, capacity 14274K, committed 14336K, reserved 1048576K
}
Event: 21675.138 GC heap before
{Heap before GC invocations=108 (full 36):
 PSYoungGen      total 497664K, used 497494K [0x000000076b700000, 0x0000000799500000, 0x00000007c0000000)
  eden space 495616K, 100% used [0x000000076b700000,0x0000000789b00000,0x0000000789b00000)
  from space 2048K, 91% used [0x0000000796180000,0x0000000796355bd8,0x0000000796380000)
  to   space 26624K, 0% used [0x0000000797b00000,0x0000000797b00000,0x0000000799500000)
 ParOldGen       total 460288K, used 282738K [0x00000006c2400000, 0x00000006de580000, 0x000000076b700000)
  object space 460288K, 61% used [0x00000006c2400000,0x00000006d381c870,0x00000006de580000)
 Metaspace       used 95784K, capacity 107242K, committed 107480K, reserved 1142784K
  class space    used 11833K, capacity 14274K, committed 14336K, reserved 1048576K
Event: 21675.146 GC heap after
Heap after GC invocations=108 (full 36):
 PSYoungGen      total 481792K, used 1686K [0x000000076b700000, 0x0000000797d00000, 0x00000007c0000000)
  eden space 479744K, 0% used [0x000000076b700000,0x000000076b700000,0x0000000788b80000)
  from space 2048K, 82% used [0x0000000797b00000,0x0000000797ca5bb8,0x0000000797d00000)
  to   space 25600K, 0% used [0x0000000794b00000,0x0000000794b00000,0x0000000796400000)
 ParOldGen       total 460288K, used 282746K [0x00000006c2400000, 0x00000006de580000, 0x000000076b700000)
  object space 460288K, 61% used [0x00000006c2400000,0x00000006d381e870,0x00000006de580000)
 Metaspace       used 95784K, capacity 107242K, committed 107480K, reserved 1142784K
  class space    used 11833K, capacity 14274K, committed 14336K, reserved 1048576K
}
Event: 21815.270 GC heap before
{Heap before GC invocations=109 (full 36):
 PSYoungGen      total 481792K, used 481430K [0x000000076b700000, 0x0000000797d00000, 0x00000007c0000000)
  eden space 479744K, 100% used [0x000000076b700000,0x0000000788b80000,0x0000000788b80000)
  from space 2048K, 82% used [0x0000000797b00000,0x0000000797ca5bb8,0x0000000797d00000)
  to   space 25600K, 0% used [0x0000000794b00000,0x0000000794b00000,0x0000000796400000)
 ParOldGen       total 460288K, used 282746K [0x00000006c2400000, 0x00000006de580000, 0x000000076b700000)
  object space 460288K, 61% used [0x00000006c2400000,0x00000006d381e870,0x00000006de580000)
 Metaspace       used 95786K, capacity 107242K, committed 107480K, reserved 1142784K
  class space    used 11833K, capacity 14274K, committed 14336K, reserved 1048576K
Event: 21815.275 GC heap after
Heap after GC invocations=109 (full 36):
 PSYoungGen      total 466432K, used 1622K [0x000000076b700000, 0x0000000797b80000, 0x00000007c0000000)
  eden space 464384K, 0% used [0x000000076b700000,0x000000076b700000,0x0000000787c80000)
  from space 2048K, 79% used [0x0000000794b00000,0x0000000794c95bd8,0x0000000794d00000)
  to   space 25088K, 0% used [0x0000000796300000,0x0000000796300000,0x0000000797b80000)
 ParOldGen       total 460288K, used 282754K [0x00000006c2400000, 0x00000006de580000, 0x000000076b700000)
  object space 460288K, 61% used [0x00000006c2400000,0x00000006d3820870,0x00000006de580000)
 Metaspace       used 95786K, capacity 107242K, committed 107480K, reserved 1142784K
  class space    used 11833K, capacity 14274K, committed 14336K, reserved 1048576K
}
Event: 24644.261 GC heap before
{Heap before GC invocations=110 (full 36):
 PSYoungGen      total 466432K, used 466006K [0x000000076b700000, 0x0000000797b80000, 0x00000007c0000000)
  eden space 464384K, 100% used [0x000000076b700000,0x0000000787c80000,0x0000000787c80000)
  from space 2048K, 79% used [0x0000000794b00000,0x0000000794c95bd8,0x0000000794d00000)
  to   space 25088K, 0% used [0x0000000796300000,0x0000000796300000,0x0000000797b80000)
 ParOldGen       total 460288K, used 282754K [0x00000006c2400000, 0x00000006de580000, 0x000000076b700000)
  object space 460288K, 61% used [0x00000006c2400000,0x00000006d3820870,0x00000006de580000)
 Metaspace       used 95786K, capacity 107242K, committed 107480K, reserved 1142784K
  class space    used 11833K, capacity 14274K, committed 14336K, reserved 1048576K
Event: 24644.274 GC heap after
Heap after GC invocations=110 (full 36):
 PSYoungGen      total 452096K, used 2341K [0x000000076b700000, 0x0000000796580000, 0x00000007c0000000)
  eden space 449536K, 0% used [0x000000076b700000,0x000000076b700000,0x0000000786e00000)
  from space 2560K, 91% used [0x0000000796300000,0x00000007965495d8,0x0000000796580000)
  to   space 24064K, 0% used [0x0000000793680000,0x0000000793680000,0x0000000794e00000)
 ParOldGen       total 460288K, used 282754K [0x00000006c2400000, 0x00000006de580000, 0x000000076b700000)
  object space 460288K, 61% used [0x00000006c2400000,0x00000006d3820870,0x00000006de580000)
 Metaspace       used 95786K, capacity 107242K, committed 107480K, reserved 1142784K
  class space    used 11833K, capacity 14274K, committed 14336K, reserved 1048576K
}

