# JRE version: Java(TM) SE Runtime Environment (8.0_231-b11) (build 1.8.0_231-b11)
# Java VM: Java HotSpot(TM) 64-Bit Server VM (25.231-b11 mixed mode windows-amd64 compressed oops)
Heap:
 PSYoungGen      total 275456K, used 114266K [0x000000076b700000, 0x000000077e980000, 0x00000007c0000000)
  eden space 260096K, 38% used [0x000000076b700000,0x0000000771799940,0x000000077b500000)
  from space 15360K, 99% used [0x000000077da80000,0x000000077e97d110,0x000000077e980000)
  to   space 10752K, 0% used [0x000000077b500000,0x000000077b500000,0x000000077bf80000)
 ParOldGen       total 177664K, used 29199K [0x00000006c2400000, 0x00000006cd180000, 0x000000076b700000)
  object space 177664K, 16% used [0x00000006c2400000,0x00000006c4083fe8,0x00000006cd180000)
 Metaspace       used 55628K, capacity 58788K, committed 59008K, reserved 1099776K
  class space    used 7722K, capacity 8245K, committed 8320K, reserved 1048576K
GC Heap History (10 events):
Event: 2.035 GC heap before
{Heap before GC invocations=4 (full 1):
 PSYoungGen      total 140800K, used 7519K [0x000000076b700000, 0x000000077ca00000, 0x00000007c0000000)
  eden space 130048K, 0% used [0x000000076b700000,0x000000076b700000,0x0000000773600000)
  from space 10752K, 69% used [0x0000000773600000,0x0000000773d57ed0,0x0000000774080000)
  to   space 10752K, 0% used [0x000000077bf80000,0x000000077bf80000,0x000000077ca00000)
 ParOldGen       total 173568K, used 32K [0x00000006c2400000, 0x00000006ccd80000, 0x000000076b700000)
  object space 173568K, 0% used [0x00000006c2400000,0x00000006c2408000,0x00000006ccd80000)
 Metaspace       used 20615K, capacity 21224K, committed 21296K, reserved 1067008K
  class space    used 2706K, capacity 2890K, committed 2944K, reserved 1048576K
Event: 2.063 GC heap after
Heap after GC invocations=4 (full 1):
 PSYoungGen      total 140800K, used 0K [0x000000076b700000, 0x000000077ca00000, 0x00000007c0000000)
  eden space 130048K, 0% used [0x000000076b700000,0x000000076b700000,0x0000000773600000)
  from space 10752K, 0% used [0x0000000773600000,0x0000000773600000,0x0000000774080000)
  to   space 10752K, 0% used [0x000000077bf80000,0x000000077bf80000,0x000000077ca00000)
 ParOldGen       total 103936K, used 7203K [0x00000006c2400000, 0x00000006c8980000, 0x000000076b700000)
  object space 103936K, 6% used [0x00000006c2400000,0x00000006c2b08ff0,0x00000006c8980000)
 Metaspace       used 20614K, capacity 21218K, committed 21296K, reserved 1067008K
  class space    used 2706K, capacity 2889K, committed 2944K, reserved 1048576K
}
Event: 3.733 GC heap before
{Heap before GC invocations=5 (full 1):
 PSYoungGen      total 140800K, used 130048K [0x000000076b700000, 0x000000077ca00000, 0x00000007c0000000)
  eden space 130048K, 100% used [0x000000076b700000,0x0000000773600000,0x0000000773600000)
  from space 10752K, 0% used [0x0000000773600000,0x0000000773600000,0x0000000774080000)
  to   space 10752K, 0% used [0x000000077bf80000,0x000000077bf80000,0x000000077ca00000)
 ParOldGen       total 103936K, used 7203K [0x00000006c2400000, 0x00000006c8980000, 0x000000076b700000)
  object space 103936K, 6% used [0x00000006c2400000,0x00000006c2b08ff0,0x00000006c8980000)
 Metaspace       used 25214K, capacity 26236K, committed 26368K, reserved 1073152K
  class space    used 3314K, capacity 3534K, committed 3584K, reserved 1048576K
Event: 3.747 GC heap after
Heap after GC invocations=5 (full 1):
 PSYoungGen      total 204800K, used 10703K [0x000000076b700000, 0x000000077ca00000, 0x00000007c0000000)
  eden space 194048K, 0% used [0x000000076b700000,0x000000076b700000,0x0000000777480000)
  from space 10752K, 99% used [0x000000077bf80000,0x000000077c9f3ec8,0x000000077ca00000)
  to   space 10752K, 0% used [0x000000077b500000,0x000000077b500000,0x000000077bf80000)
 ParOldGen       total 103936K, used 7211K [0x00000006c2400000, 0x00000006c8980000, 0x000000076b700000)
  object space 103936K, 6% used [0x00000006c2400000,0x00000006c2b0aff0,0x00000006c8980000)
 Metaspace       used 25214K, capacity 26236K, committed 26368K, reserved 1073152K
  class space    used 3314K, capacity 3534K, committed 3584K, reserved 1048576K
}
Event: 5.598 GC heap before
{Heap before GC invocations=6 (full 1):
 PSYoungGen      total 204800K, used 122855K [0x000000076b700000, 0x000000077ca00000, 0x00000007c0000000)
  eden space 194048K, 57% used [0x000000076b700000,0x0000000772485f68,0x0000000777480000)
  from space 10752K, 99% used [0x000000077bf80000,0x000000077c9f3ec8,0x000000077ca00000)
  to   space 10752K, 0% used [0x000000077b500000,0x000000077b500000,0x000000077bf80000)
 ParOldGen       total 103936K, used 7211K [0x00000006c2400000, 0x00000006c8980000, 0x000000076b700000)
  object space 103936K, 6% used [0x00000006c2400000,0x00000006c2b0aff0,0x00000006c8980000)
 Metaspace       used 33529K, capacity 35314K, committed 35456K, reserved 1079296K
  class space    used 4539K, capacity 4904K, committed 4992K, reserved 1048576K
Event: 5.611 GC heap after
Heap after GC invocations=6 (full 1):
 PSYoungGen      total 270848K, used 10749K [0x000000076b700000, 0x000000077e980000, 0x00000007c0000000)
  eden space 260096K, 0% used [0x000000076b700000,0x000000076b700000,0x000000077b500000)
  from space 10752K, 99% used [0x000000077b500000,0x000000077bf7f678,0x000000077bf80000)
  to   space 15360K, 0% used [0x000000077da80000,0x000000077da80000,0x000000077e980000)
 ParOldGen       total 103936K, used 11261K [0x00000006c2400000, 0x00000006c8980000, 0x000000076b700000)
  object space 103936K, 10% used [0x00000006c2400000,0x00000006c2eff700,0x00000006c8980000)
 Metaspace       used 33529K, capacity 35314K, committed 35456K, reserved 1079296K
  class space    used 4539K, capacity 4904K, committed 4992K, reserved 1048576K
}
Event: 5.611 GC heap before
{Heap before GC invocations=7 (full 2):
 PSYoungGen      total 270848K, used 10749K [0x000000076b700000, 0x000000077e980000, 0x00000007c0000000)
  eden space 260096K, 0% used [0x000000076b700000,0x000000076b700000,0x000000077b500000)
  from space 10752K, 99% used [0x000000077b500000,0x000000077bf7f678,0x000000077bf80000)
  to   space 15360K, 0% used [0x000000077da80000,0x000000077da80000,0x000000077e980000)
 ParOldGen       total 103936K, used 11261K [0x00000006c2400000, 0x00000006c8980000, 0x000000076b700000)
  object space 103936K, 10% used [0x00000006c2400000,0x00000006c2eff700,0x00000006c8980000)
 Metaspace       used 33529K, capacity 35314K, committed 35456K, reserved 1079296K
  class space    used 4539K, capacity 4904K, committed 4992K, reserved 1048576K
Event: 5.695 GC heap after
Heap after GC invocations=7 (full 2):
 PSYoungGen      total 270848K, used 0K [0x000000076b700000, 0x000000077e980000, 0x00000007c0000000)
  eden space 260096K, 0% used [0x000000076b700000,0x000000076b700000,0x000000077b500000)
  from space 10752K, 0% used [0x000000077b500000,0x000000077b500000,0x000000077bf80000)
  to   space 15360K, 0% used [0x000000077da80000,0x000000077da80000,0x000000077e980000)
 ParOldGen       total 177664K, used 18518K [0x00000006c2400000, 0x00000006cd180000, 0x000000076b700000)
  object space 177664K, 10% used [0x00000006c2400000,0x00000006c3615830,0x00000006cd180000)
 Metaspace       used 33529K, capacity 35314K, committed 35456K, reserved 1079296K
  class space    used 4539K, capacity 4904K, committed 4992K, reserved 1048576K
}
Event: 13.442 GC heap before
{Heap before GC invocations=8 (full 2):
 PSYoungGen      total 270848K, used 260096K [0x000000076b700000, 0x000000077e980000, 0x00000007c0000000)
  eden space 260096K, 100% used [0x000000076b700000,0x000000077b500000,0x000000077b500000)
  from space 10752K, 0% used [0x000000077b500000,0x000000077b500000,0x000000077bf80000)
  to   space 15360K, 0% used [0x000000077da80000,0x000000077da80000,0x000000077e980000)
 ParOldGen       total 177664K, used 18518K [0x00000006c2400000, 0x00000006cd180000, 0x000000076b700000)
  object space 177664K, 10% used [0x00000006c2400000,0x00000006c3615830,0x00000006cd180000)
 Metaspace       used 49848K, capacity 52836K, committed 52992K, reserved 1095680K
  class space    used 6869K, capacity 7367K, committed 7424K, reserved 1048576K
Event: 13.476 GC heap after
Heap after GC invocations=8 (full 2):
 PSYoungGen      total 275456K, used 15348K [0x000000076b700000, 0x000000077e980000, 0x00000007c0000000)
  eden space 260096K, 0% used [0x000000076b700000,0x000000076b700000,0x000000077b500000)
  from space 15360K, 99% used [0x000000077da80000,0x000000077e97d110,0x000000077e980000)
  to   space 10752K, 0% used [0x000000077b500000,0x000000077b500000,0x000000077bf80000)
 ParOldGen       total 177664K, used 29199K [0x00000006c2400000, 0x00000006cd180000, 0x000000076b700000)
  object space 177664K, 16% used [0x00000006c2400000,0x00000006c4083fe8,0x00000006cd180000)
 Metaspace       used 49848K, capacity 52836K, committed 52992K, reserved 1095680K
  class space    used 6869K, capacity 7367K, committed 7424K, reserved 1048576K
}

