# JRE version: Java(TM) SE Runtime Environment (8.0_102-b14) (build 1.8.0_102-b14)
# Java VM: Java HotSpot(TM) 64-Bit Server VM (25.102-b14 mixed mode windows-amd64 compressed oops)
Heap:
 PSYoungGen      total 455168K, used 336483K [0x000000076b700000, 0x0000000791580000, 0x00000007c0000000)
  eden space 436224K, 77% used [0x000000076b700000,0x000000077ff98ed0,0x0000000786100000)
  from space 18944K, 0% used [0x0000000786100000,0x0000000786100000,0x0000000787380000)
  to   space 20992K, 0% used [0x0000000790100000,0x0000000790100000,0x0000000791580000)
 ParOldGen       total 146432K, used 28933K [0x00000006c2400000, 0x00000006cb300000, 0x000000076b700000)
  object space 146432K, 19% used [0x00000006c2400000,0x00000006c4041718,0x00000006cb300000)
 Metaspace       used 75024K, capacity 78588K, committed 78720K, reserved 1116160K
  class space    used 10477K, capacity 11091K, committed 11136K, reserved 1048576K
GC Heap History (10 events):
Event: 6.963 GC heap before
{Heap before GC invocations=8 (full 1):
 PSYoungGen      total 255488K, used 53180K [0x000000076b700000, 0x000000077c180000, 0x00000007c0000000)
  eden space 242176K, 16% used [0x000000076b700000,0x000000076de718c0,0x000000077a380000)
  from space 13312K, 96% used [0x000000077b400000,0x000000077c07db08,0x000000077c100000)
  to   space 15360K, 0% used [0x000000077a380000,0x000000077a380000,0x000000077b280000)
 ParOldGen       total 76800K, used 4854K [0x00000006c2400000, 0x00000006c6f00000, 0x000000076b700000)
  object space 76800K, 6% used [0x00000006c2400000,0x00000006c28bdaf0,0x00000006c6f00000)
 Metaspace       used 33543K, capacity 35378K, committed 35456K, reserved 1079296K
  class space    used 4545K, capacity 4916K, committed 4992K, reserved 1048576K
Event: 6.979 GC heap after
Heap after GC invocations=8 (full 1):
 PSYoungGen      total 257536K, used 10288K [0x000000076b700000, 0x0000000788600000, 0x00000007c0000000)
  eden space 242176K, 0% used [0x000000076b700000,0x000000076b700000,0x000000077a380000)
  from space 15360K, 66% used [0x000000077a380000,0x000000077ad8c248,0x000000077b280000)
  to   space 14848K, 0% used [0x0000000787780000,0x0000000787780000,0x0000000788600000)
 ParOldGen       total 76800K, used 4862K [0x00000006c2400000, 0x00000006c6f00000, 0x000000076b700000)
  object space 76800K, 6% used [0x00000006c2400000,0x00000006c28bfaf0,0x00000006c6f00000)
 Metaspace       used 33543K, capacity 35378K, committed 35456K, reserved 1079296K
  class space    used 4545K, capacity 4916K, committed 4992K, reserved 1048576K
}
Event: 6.979 GC heap before
{Heap before GC invocations=9 (full 2):
 PSYoungGen      total 257536K, used 10288K [0x000000076b700000, 0x0000000788600000, 0x00000007c0000000)
  eden space 242176K, 0% used [0x000000076b700000,0x000000076b700000,0x000000077a380000)
  from space 15360K, 66% used [0x000000077a380000,0x000000077ad8c248,0x000000077b280000)
  to   space 14848K, 0% used [0x0000000787780000,0x0000000787780000,0x0000000788600000)
 ParOldGen       total 76800K, used 4862K [0x00000006c2400000, 0x00000006c6f00000, 0x000000076b700000)
  object space 76800K, 6% used [0x00000006c2400000,0x00000006c28bfaf0,0x00000006c6f00000)
 Metaspace       used 33543K, capacity 35378K, committed 35456K, reserved 1079296K
  class space    used 4545K, capacity 4916K, committed 4992K, reserved 1048576K
Event: 7.058 GC heap after
Heap after GC invocations=9 (full 2):
 PSYoungGen      total 257536K, used 0K [0x000000076b700000, 0x0000000788600000, 0x00000007c0000000)
  eden space 242176K, 0% used [0x000000076b700000,0x000000076b700000,0x000000077a380000)
  from space 15360K, 0% used [0x000000077a380000,0x000000077a380000,0x000000077b280000)
  to   space 14848K, 0% used [0x0000000787780000,0x0000000787780000,0x0000000788600000)
 ParOldGen       total 103936K, used 14151K [0x00000006c2400000, 0x00000006c8980000, 0x000000076b700000)
  object space 103936K, 13% used [0x00000006c2400000,0x00000006c31d1c88,0x00000006c8980000)
 Metaspace       used 33543K, capacity 35378K, committed 35456K, reserved 1079296K
  class space    used 4545K, capacity 4916K, committed 4992K, reserved 1048576K
}
Event: 9.601 GC heap before
{Heap before GC invocations=10 (full 2):
 PSYoungGen      total 257536K, used 242176K [0x000000076b700000, 0x0000000788600000, 0x00000007c0000000)
  eden space 242176K, 100% used [0x000000076b700000,0x000000077a380000,0x000000077a380000)
  from space 15360K, 0% used [0x000000077a380000,0x000000077a380000,0x000000077b280000)
  to   space 14848K, 0% used [0x0000000787780000,0x0000000787780000,0x0000000788600000)
 ParOldGen       total 103936K, used 14151K [0x00000006c2400000, 0x00000006c8980000, 0x000000076b700000)
  object space 103936K, 13% used [0x00000006c2400000,0x00000006c31d1c88,0x00000006c8980000)
 Metaspace       used 48850K, capacity 50892K, committed 51072K, reserved 1093632K
  class space    used 6651K, capacity 7037K, committed 7040K, reserved 1048576K
Event: 9.616 GC heap after
Heap after GC invocations=10 (full 2):
 PSYoungGen      total 428032K, used 14817K [0x000000076b700000, 0x0000000788600000, 0x00000007c0000000)
  eden space 413184K, 0% used [0x000000076b700000,0x000000076b700000,0x0000000784a80000)
  from space 14848K, 99% used [0x0000000787780000,0x00000007885f86e8,0x0000000788600000)
  to   space 18944K, 0% used [0x0000000786100000,0x0000000786100000,0x0000000787380000)
 ParOldGen       total 103936K, used 19333K [0x00000006c2400000, 0x00000006c8980000, 0x000000076b700000)
  object space 103936K, 18% used [0x00000006c2400000,0x00000006c36e1608,0x00000006c8980000)
 Metaspace       used 48850K, capacity 50892K, committed 51072K, reserved 1093632K
  class space    used 6651K, capacity 7037K, committed 7040K, reserved 1048576K
}
Event: 10.861 GC heap before
{Heap before GC invocations=11 (full 2):
 PSYoungGen      total 428032K, used 96406K [0x000000076b700000, 0x0000000788600000, 0x00000007c0000000)
  eden space 413184K, 19% used [0x000000076b700000,0x00000007706ad498,0x0000000784a80000)
  from space 14848K, 99% used [0x0000000787780000,0x00000007885f86e8,0x0000000788600000)
  to   space 18944K, 0% used [0x0000000786100000,0x0000000786100000,0x0000000787380000)
 ParOldGen       total 103936K, used 19333K [0x00000006c2400000, 0x00000006c8980000, 0x000000076b700000)
  object space 103936K, 18% used [0x00000006c2400000,0x00000006c36e1608,0x00000006c8980000)
 Metaspace       used 56423K, capacity 59042K, committed 59096K, reserved 1099776K
  class space    used 7824K, capacity 8312K, committed 8320K, reserved 1048576K
Event: 10.875 GC heap after
Heap after GC invocations=11 (full 2):
 PSYoungGen      total 455168K, used 17411K [0x000000076b700000, 0x0000000791580000, 0x00000007c0000000)
  eden space 436224K, 0% used [0x000000076b700000,0x000000076b700000,0x0000000786100000)
  from space 18944K, 91% used [0x0000000786100000,0x0000000787200fa0,0x0000000787380000)
  to   space 20992K, 0% used [0x0000000790100000,0x0000000790100000,0x0000000791580000)
 ParOldGen       total 103936K, used 19341K [0x00000006c2400000, 0x00000006c8980000, 0x000000076b700000)
  object space 103936K, 18% used [0x00000006c2400000,0x00000006c36e3608,0x00000006c8980000)
 Metaspace       used 56423K, capacity 59042K, committed 59096K, reserved 1099776K
  class space    used 7824K, capacity 8312K, committed 8320K, reserved 1048576K
}
Event: 10.875 GC heap before
{Heap before GC invocations=12 (full 3):
 PSYoungGen      total 455168K, used 17411K [0x000000076b700000, 0x0000000791580000, 0x00000007c0000000)
  eden space 436224K, 0% used [0x000000076b700000,0x000000076b700000,0x0000000786100000)
  from space 18944K, 91% used [0x0000000786100000,0x0000000787200fa0,0x0000000787380000)
  to   space 20992K, 0% used [0x0000000790100000,0x0000000790100000,0x0000000791580000)
 ParOldGen       total 103936K, used 19341K [0x00000006c2400000, 0x00000006c8980000, 0x000000076b700000)
  object space 103936K, 18% used [0x00000006c2400000,0x00000006c36e3608,0x00000006c8980000)
 Metaspace       used 56423K, capacity 59042K, committed 59096K, reserved 1099776K
  class space    used 7824K, capacity 8312K, committed 8320K, reserved 1048576K
Event: 11.051 GC heap after
Heap after GC invocations=12 (full 3):
 PSYoungGen      total 455168K, used 0K [0x000000076b700000, 0x0000000791580000, 0x00000007c0000000)
  eden space 436224K, 0% used [0x000000076b700000,0x000000076b700000,0x0000000786100000)
  from space 18944K, 0% used [0x0000000786100000,0x0000000786100000,0x0000000787380000)
  to   space 20992K, 0% used [0x0000000790100000,0x0000000790100000,0x0000000791580000)
 ParOldGen       total 146432K, used 28933K [0x00000006c2400000, 0x00000006cb300000, 0x000000076b700000)
  object space 146432K, 19% used [0x00000006c2400000,0x00000006c4041718,0x00000006cb300000)
 Metaspace       used 56423K, capacity 59042K, committed 59096K, reserved 1099776K
  class space    used 7824K, capacity 8312K, committed 8320K, reserved 1048576K
}

